<?xml version="1.0" encoding="UTF-8"?>
<!-- Generated by org.testng.reporters.JUnitReportReporter -->
<testsuite hostname="DESKTOP-D58P1C5" failures="0" tests="3" name="com.crm.qa.testcases.DataProviderTest" time="32.999" errors="0" timestamp="01 Apr. 2021 03:49:17 GMT" skipped="0">
  <testcase classname="com.crm.qa.testcases.DataProviderTest" name="submitContctDetails" time="10.527"/>
  <testcase classname="com.crm.qa.testcases.DataProviderTest" name="submitContctDetails" time="11.055"/>
  <testcase classname="com.crm.qa.testcases.DataProviderTest" name="submitContctDetails" time="11.417"/>
</testsuite> <!-- com.crm.qa.testcases.DataProviderTest -->
