<?xml version="1.0" encoding="UTF-8"?>
<!-- Generated by org.testng.reporters.JUnitReportReporter -->
<testsuite hostname="DESKTOP-D58P1C5" failures="0" tests="4" name="com.crm.qa.testcases.HomePageTest" time="68.228" errors="0" timestamp="01 Apr. 2021 03:49:17 GMT" skipped="0">
  <testcase classname="com.crm.qa.testcases.HomePageTest" name="VerifyHomePageTitleTest" time="14.246"/>
  <testcase classname="com.crm.qa.testcases.HomePageTest" name="verifyUserNameTest" time="18.120"/>
  <testcase classname="com.crm.qa.testcases.HomePageTest" name="verifyContactsLink" time="11.285"/>
  <testcase classname="com.crm.qa.testcases.HomePageTest" name="verifyMoreOptions" time="24.577"/>
</testsuite> <!-- com.crm.qa.testcases.HomePageTest -->
