<?xml version="1.0" encoding="UTF-8"?>
<!-- Generated by org.testng.reporters.JUnitReportReporter -->
<testsuite hostname="DESKTOP-D58P1C5" failures="0" tests="3" name="com.crm.qa.testcases.DataProviderTest" time="28.841" errors="0" timestamp="2021-04-15T23:38:44 EDT" skipped="0">
  <testcase classname="com.crm.qa.testcases.DataProviderTest" name="submitContctDetails" time="9.190"/>
  <system-out/>
  <testcase classname="com.crm.qa.testcases.DataProviderTest" name="submitContctDetails" time="8.427"/>
  <system-out/>
  <testcase classname="com.crm.qa.testcases.DataProviderTest" name="submitContctDetails" time="11.224"/>
  <system-out/>
</testsuite> <!-- com.crm.qa.testcases.DataProviderTest -->
