<?xml version="1.0" encoding="UTF-8"?>
<!-- Generated by org.testng.reporters.JUnitReportReporter -->
<testsuite hostname="DESKTOP-D58P1C5" failures="0" tests="3" name="com.crm.qa.testcases.LoginPageTest" time="30.157" errors="0" timestamp="2021-04-15T23:38:44 EDT" skipped="0">
  <testcase classname="com.crm.qa.testcases.LoginPageTest" name="LoginPageTitleTest" time="10.487"/>
  <system-out/>
  <testcase classname="com.crm.qa.testcases.LoginPageTest" name="flipkartLogoTest" time="10.155"/>
  <system-out/>
  <testcase classname="com.crm.qa.testcases.LoginPageTest" name="loginTest" time="9.515"/>
  <system-out/>
</testsuite> <!-- com.crm.qa.testcases.LoginPageTest -->
