<?xml version="1.0" encoding="UTF-8"?>
<!-- Generated by org.testng.reporters.JUnitReportReporter -->
<testsuite hostname="DESKTOP-D58P1C5" failures="0" tests="4" name="com.crm.qa.testcases.HomePageTest" time="71.052" errors="0" timestamp="2021-04-15T23:38:44 EDT" skipped="0">
  <testcase classname="com.crm.qa.testcases.HomePageTest" name="VerifyHomePageTitleTest" time="10.421"/>
  <system-out/>
  <testcase classname="com.crm.qa.testcases.HomePageTest" name="verifyUserNameTest" time="28.105"/>
  <system-out/>
  <testcase classname="com.crm.qa.testcases.HomePageTest" name="verifyContactsLink" time="10.742"/>
  <system-out/>
  <testcase classname="com.crm.qa.testcases.HomePageTest" name="verifyMoreOptions" time="21.784"/>
  <system-out/>
</testsuite> <!-- com.crm.qa.testcases.HomePageTest -->
